  bucketsort.cpp
E:\CTDL & thuat giai(demo code sach)\Search&Sort\search&sort\search&sort\bucketsort.cpp(6,22): warning C4305: 'initializing': truncation from 'double' to '_Ty'
E:\CTDL & thuat giai(demo code sach)\Search&Sort\search&sort\search&sort\bucketsort.cpp(6,22): warning C4305:         with
E:\CTDL & thuat giai(demo code sach)\Search&Sort\search&sort\search&sort\bucketsort.cpp(6,22): warning C4305:         [
E:\CTDL & thuat giai(demo code sach)\Search&Sort\search&sort\search&sort\bucketsort.cpp(6,22): warning C4305:             _Ty=float
E:\CTDL & thuat giai(demo code sach)\Search&Sort\search&sort\search&sort\bucketsort.cpp(6,22): warning C4305:         ]
E:\CTDL & thuat giai(demo code sach)\Search&Sort\search&sort\search&sort\bucketsort.cpp(6,27): warning C4305: 'initializing': truncation from 'double' to '_Ty'
E:\CTDL & thuat giai(demo code sach)\Search&Sort\search&sort\search&sort\bucketsort.cpp(6,27): warning C4305:         with
E:\CTDL & thuat giai(demo code sach)\Search&Sort\search&sort\search&sort\bucketsort.cpp(6,27): warning C4305:         [
E:\CTDL & thuat giai(demo code sach)\Search&Sort\search&sort\search&sort\bucketsort.cpp(6,27): warning C4305:             _Ty=float
E:\CTDL & thuat giai(demo code sach)\Search&Sort\search&sort\search&sort\bucketsort.cpp(6,27): warning C4305:         ]
E:\CTDL & thuat giai(demo code sach)\Search&Sort\search&sort\search&sort\bucketsort.cpp(6,32): warning C4305: 'initializing': truncation from 'double' to '_Ty'
E:\CTDL & thuat giai(demo code sach)\Search&Sort\search&sort\search&sort\bucketsort.cpp(6,32): warning C4305:         with
E:\CTDL & thuat giai(demo code sach)\Search&Sort\search&sort\search&sort\bucketsort.cpp(6,32): warning C4305:         [
E:\CTDL & thuat giai(demo code sach)\Search&Sort\search&sort\search&sort\bucketsort.cpp(6,32): warning C4305:             _Ty=float
E:\CTDL & thuat giai(demo code sach)\Search&Sort\search&sort\search&sort\bucketsort.cpp(6,32): warning C4305:         ]
E:\CTDL & thuat giai(demo code sach)\Search&Sort\search&sort\search&sort\bucketsort.cpp(6,37): warning C4305: 'initializing': truncation from 'double' to '_Ty'
E:\CTDL & thuat giai(demo code sach)\Search&Sort\search&sort\search&sort\bucketsort.cpp(6,37): warning C4305:         with
E:\CTDL & thuat giai(demo code sach)\Search&Sort\search&sort\search&sort\bucketsort.cpp(6,37): warning C4305:         [
E:\CTDL & thuat giai(demo code sach)\Search&Sort\search&sort\search&sort\bucketsort.cpp(6,37): warning C4305:             _Ty=float
E:\CTDL & thuat giai(demo code sach)\Search&Sort\search&sort\search&sort\bucketsort.cpp(6,37): warning C4305:         ]
E:\CTDL & thuat giai(demo code sach)\Search&Sort\search&sort\search&sort\bucketsort.cpp(6,47): warning C4305: 'initializing': truncation from 'double' to '_Ty'
E:\CTDL & thuat giai(demo code sach)\Search&Sort\search&sort\search&sort\bucketsort.cpp(6,47): warning C4305:         with
E:\CTDL & thuat giai(demo code sach)\Search&Sort\search&sort\search&sort\bucketsort.cpp(6,47): warning C4305:         [
E:\CTDL & thuat giai(demo code sach)\Search&Sort\search&sort\search&sort\bucketsort.cpp(6,47): warning C4305:             _Ty=float
E:\CTDL & thuat giai(demo code sach)\Search&Sort\search&sort\search&sort\bucketsort.cpp(6,47): warning C4305:         ]
E:\CTDL & thuat giai(demo code sach)\Search&Sort\search&sort\search&sort\bucketsort.cpp(6,52): warning C4305: 'initializing': truncation from 'double' to '_Ty'
E:\CTDL & thuat giai(demo code sach)\Search&Sort\search&sort\search&sort\bucketsort.cpp(6,52): warning C4305:         with
E:\CTDL & thuat giai(demo code sach)\Search&Sort\search&sort\search&sort\bucketsort.cpp(6,52): warning C4305:         [
E:\CTDL & thuat giai(demo code sach)\Search&Sort\search&sort\search&sort\bucketsort.cpp(6,52): warning C4305:             _Ty=float
E:\CTDL & thuat giai(demo code sach)\Search&Sort\search&sort\search&sort\bucketsort.cpp(6,52): warning C4305:         ]
E:\CTDL & thuat giai(demo code sach)\Search&Sort\search&sort\search&sort\bucketsort.cpp(28,10): warning C4244: 'initializing': conversion from '_Ty' to 'int', possible loss of data
E:\CTDL & thuat giai(demo code sach)\Search&Sort\search&sort\search&sort\bucketsort.cpp(28,10): warning C4244:         with
E:\CTDL & thuat giai(demo code sach)\Search&Sort\search&sort\search&sort\bucketsort.cpp(28,10): warning C4244:         [
E:\CTDL & thuat giai(demo code sach)\Search&Sort\search&sort\search&sort\bucketsort.cpp(28,10): warning C4244:             _Ty=float
E:\CTDL & thuat giai(demo code sach)\Search&Sort\search&sort\search&sort\bucketsort.cpp(28,10): warning C4244:         ]
  search&sort.vcxproj -> E:\CTDL & thuat giai(demo code sach)\Search&Sort\search&sort\x64\Debug\search&sort.exe
